time="2021-02-08T13:21:40+02:00" level=debug msg="OpenShift Installer unreleased-master-4196-gae2187b626243db234cda9c644a8c647d664cf6a-dirty"
time="2021-02-08T13:21:40+02:00" level=debug msg="Built from commit ae2187b626243db234cda9c644a8c647d664cf6a"
time="2021-02-08T13:21:40+02:00" level=debug msg="Fetching Kubeconfig Admin Client..."
time="2021-02-08T13:21:40+02:00" level=debug msg="Loading Kubeconfig Admin Client..."
time="2021-02-08T13:21:40+02:00" level=debug msg="  Loading Certificate (admin-kubeconfig-client)..."
time="2021-02-08T13:21:40+02:00" level=debug msg="    Loading Certificate (admin-kubeconfig-signer)..."
time="2021-02-08T13:21:40+02:00" level=debug msg="  Loading Certificate (kube-apiserver-complete-server-ca-bundle)..."
time="2021-02-08T13:21:40+02:00" level=debug msg="    Loading Certificate (kube-apiserver-localhost-ca-bundle)..."
time="2021-02-08T13:21:40+02:00" level=debug msg="      Loading Certificate (kube-apiserver-localhost-signer)..."
time="2021-02-08T13:21:40+02:00" level=debug msg="    Loading Certificate (kube-apiserver-service-network-ca-bundle)..."
time="2021-02-08T13:21:40+02:00" level=debug msg="      Loading Certificate (kube-apiserver-service-network-signer)..."
time="2021-02-08T13:21:40+02:00" level=debug msg="    Loading Certificate (kube-apiserver-lb-ca-bundle)..."
time="2021-02-08T13:21:40+02:00" level=debug msg="      Loading Certificate (kube-apiserver-lb-signer)..."
time="2021-02-08T13:21:40+02:00" level=debug msg="  Loading Install Config..."
time="2021-02-08T13:21:40+02:00" level=debug msg="    Loading SSH Key..."
time="2021-02-08T13:21:40+02:00" level=debug msg="    Loading Base Domain..."
time="2021-02-08T13:21:40+02:00" level=debug msg="      Loading Platform..."
time="2021-02-08T13:21:40+02:00" level=debug msg="    Loading Cluster Name..."
time="2021-02-08T13:21:40+02:00" level=debug msg="      Loading Base Domain..."
time="2021-02-08T13:21:40+02:00" level=debug msg="      Loading Platform..."
time="2021-02-08T13:21:40+02:00" level=debug msg="    Loading Networking..."
time="2021-02-08T13:21:40+02:00" level=debug msg="      Loading Platform..."
time="2021-02-08T13:21:40+02:00" level=debug msg="    Loading Pull Secret..."
time="2021-02-08T13:21:40+02:00" level=debug msg="    Loading Platform..."
time="2021-02-08T13:21:40+02:00" level=fatal msg="failed to fetch Kubeconfig Admin Client: failed to load asset \"Install Config\": failed to unmarshal install-config.yaml: error converting YAML to JSON: yaml: line 29: could not find expected ':'"
